Export/Android/launcher/build/intermediates/manifest_merge_blame_file/debug/manifest-merger-blame-debug-report.txt
1<?xml version="1.0" encoding="utf-8"?>
2<manifest xmlns:android="http://schemas.android.com/apk/res/android"
3    package="com.solou.catendless.run"
4    android:installLocation="preferExternal"
5    android:versionCode="1"
6    android:versionName="1.0" >
7
8    <uses-sdk
9        android:minSdkVersion="22"
9-->src\main\AndroidManifest.xml
10        android:targetSdkVersion="33" />
10-->src\main\AndroidManifest.xml
11
12    <supports-screens
12-->src\main\AndroidManifest.xml:6:5-11:40
13        android:anyDensity="true"
13-->src\main\AndroidManifest.xml:7:9-34
14        android:largeScreens="true"
14-->src\main\AndroidManifest.xml:8:9-36
15        android:normalScreens="true"
15-->src\main\AndroidManifest.xml:9:9-37
16        android:smallScreens="true"
16-->src\main\AndroidManifest.xml:10:9-36
17        android:xlargeScreens="true" />
17-->src\main\AndroidManifest.xml:11:9-37
18
19    <uses-feature android:glEsVersion="0x00030000" />
19-->[:unityLibrary] AndroidManifest.xml:10:5-54
19-->[:unityLibrary] AndroidManifest.xml:10:19-51
20    <uses-feature
20-->[:unityLibrary] AndroidManifest.xml:11:5-13:36
21        android:name="android.hardware.vulkan.version"
21-->[:unityLibrary] AndroidManifest.xml:12:9-55
22        android:required="false" />
22-->[:unityLibrary] AndroidManifest.xml:13:9-33
23
24    <uses-permission android:name="android.permission.INTERNET" />
24-->[:unityLibrary] AndroidManifest.xml:15:5-67
24-->[:unityLibrary] AndroidManifest.xml:15:22-64
25
26    <uses-feature
26-->[:unityLibrary] AndroidManifest.xml:17:5-19:36
27        android:name="android.hardware.touchscreen"
27-->[:unityLibrary] AndroidManifest.xml:18:9-52
28        android:required="false" />
28-->[:unityLibrary] AndroidManifest.xml:19:9-33
29
30    <uses-permission android:name="android.permission.ACCESS_NETWORK_STATE" />
30-->[:ivysdk-ad] AndroidManifest.xml:9:5-79
30-->[:ivysdk-ad] AndroidManifest.xml:9:22-76
31    <uses-permission android:name="android.permission.ACCESS_WIFI_STATE" />
31-->[:ivysdk-ad] AndroidManifest.xml:10:5-76
31-->[:ivysdk-ad] AndroidManifest.xml:10:22-73
32    <uses-permission android:name="com.google.android.gms.permission.AD_ID" /> <!-- 如果有视频相关的广告且使用textureView播放，请务必添加，否则黑屏 -->
32-->[:ivysdk-ad] AndroidManifest.xml:11:5-79
32-->[:ivysdk-ad] AndroidManifest.xml:11:22-76
33    <uses-permission android:name="android.permission.WAKE_LOCK" />
33-->[:ivysdk-ad] AndroidManifest.xml:13:5-68
33-->[:ivysdk-ad] AndroidManifest.xml:13:22-65
34
35    <queries>
35-->[com.appsflyer:af-android-sdk:6.12.1] AndroidManifest.xml:11:5-15:15
36        <intent>
36-->[com.appsflyer:af-android-sdk:6.12.1] AndroidManifest.xml:12:9-14:18
37            <action android:name="com.appsflyer.referrer.INSTALL_PROVIDER" />
37-->[com.appsflyer:af-android-sdk:6.12.1] AndroidManifest.xml:13:13-78
37-->[com.appsflyer:af-android-sdk:6.12.1] AndroidManifest.xml:13:21-75
38        </intent>
39        <!-- For browser content -->
40        <intent>
40-->[com.google.android.gms:play-services-ads-lite:22.0.0] AndroidManifest.xml:35:9-41:18
41            <action android:name="android.intent.action.VIEW" />
41-->[com.google.android.gms:play-services-ads-lite:22.0.0] AndroidManifest.xml:36:13-65
41-->[com.google.android.gms:play-services-ads-lite:22.0.0] AndroidManifest.xml:36:21-62
42
43            <category android:name="android.intent.category.BROWSABLE" />
43-->[com.google.android.gms:play-services-ads-lite:22.0.0] AndroidManifest.xml:38:13-74
43-->[com.google.android.gms:play-services-ads-lite:22.0.0] AndroidManifest.xml:38:23-71
44
45            <data android:scheme="https" />
45-->[com.google.android.gms:play-services-ads-lite:22.0.0] AndroidManifest.xml:40:13-44
45-->[com.google.android.gms:play-services-ads-lite:22.0.0] AndroidManifest.xml:40:19-41
46        </intent> <!-- End of browser content -->
47        <!-- For CustomTabsService -->
48        <intent>
48-->[com.google.android.gms:play-services-ads-lite:22.0.0] AndroidManifest.xml:44:9-46:18
49            <action android:name="android.support.customtabs.action.CustomTabsService" />
49-->[com.google.android.gms:play-services-ads-lite:22.0.0] AndroidManifest.xml:45:13-90
49-->[com.google.android.gms:play-services-ads-lite:22.0.0] AndroidManifest.xml:45:21-87
50        </intent>
51        <intent>
51-->[com.applovin:applovin-sdk:11.9.0] AndroidManifest.xml:12:9-14:18
52            <action android:name="com.applovin.am.intent.action.APPHUB_SERVICE" />
52-->[com.applovin:applovin-sdk:11.9.0] AndroidManifest.xml:13:13-83
52-->[com.applovin:applovin-sdk:11.9.0] AndroidManifest.xml:13:21-80
53        </intent>
54
55        <package android:name="com.facebook.katana" />
55-->[com.facebook.android:facebook-common:14.1.1] AndroidManifest.xml:30:9-55
55-->[com.facebook.android:facebook-common:14.1.1] AndroidManifest.xml:30:18-52
56    </queries>
57
58    <uses-permission android:name="com.applovin.array.apphub.permission.BIND_APPHUB_SERVICE" />
58-->[com.applovin:applovin-sdk:11.9.0] AndroidManifest.xml:20:5-96
58-->[com.applovin:applovin-sdk:11.9.0] AndroidManifest.xml:20:22-93
59    <uses-permission android:name="com.google.android.finsky.permission.BIND_GET_INSTALL_REFERRER_SERVICE" />
59-->[com.google.android.gms:play-services-measurement:21.5.1] AndroidManifest.xml:26:5-110
59-->[com.google.android.gms:play-services-measurement:21.5.1] AndroidManifest.xml:26:22-107
60    <uses-permission android:name="android.permission.ACCESS_ADSERVICES_ATTRIBUTION" />
60-->[com.google.android.gms:play-services-measurement-api:21.5.1] AndroidManifest.xml:26:5-88
60-->[com.google.android.gms:play-services-measurement-api:21.5.1] AndroidManifest.xml:26:22-85
61    <uses-permission android:name="android.permission.ACCESS_ADSERVICES_AD_ID" />
61-->[com.google.android.gms:play-services-measurement-api:21.5.1] AndroidManifest.xml:27:5-82
61-->[com.google.android.gms:play-services-measurement-api:21.5.1] AndroidManifest.xml:27:22-79
62    <uses-permission android:name="android.permission.FOREGROUND_SERVICE" />
62-->[androidx.work:work-runtime:2.7.0] AndroidManifest.xml:28:5-77
62-->[androidx.work:work-runtime:2.7.0] AndroidManifest.xml:28:22-74
63
64    <permission
64-->[androidx.core:core:1.9.0] AndroidManifest.xml:22:5-24:47
65        android:name="com.solou.catendless.run.DYNAMIC_RECEIVER_NOT_EXPORTED_PERMISSION"
65-->[androidx.core:core:1.9.0] AndroidManifest.xml:23:9-81
66        android:protectionLevel="signature" />
66-->[androidx.core:core:1.9.0] AndroidManifest.xml:24:9-44
67
68    <uses-permission android:name="com.solou.catendless.run.DYNAMIC_RECEIVER_NOT_EXPORTED_PERMISSION" />
68-->[androidx.core:core:1.9.0] AndroidManifest.xml:26:5-97
68-->[androidx.core:core:1.9.0] AndroidManifest.xml:26:22-94
69
70    <application
70-->src\main\AndroidManifest.xml:12:5-17:19
71        android:appComponentFactory="androidx.core.app.CoreComponentFactory"
71-->[androidx.core:core:1.9.0] AndroidManifest.xml:28:18-86
72        android:debuggable="true"
73        android:extractNativeLibs="true"
73-->[:unityLibrary] AndroidManifest.xml:21:18-50
74        android:fullBackupContent="@xml/sdk_full_backup_contents"
74-->[:ivysdk-ad] AndroidManifest.xml:16:9-66
75        android:hardwareAccelerated="true"
75-->[:ivysdk-ad] AndroidManifest.xml:17:9-43
76        android:icon="@mipmap/app_icon"
76-->src\main\AndroidManifest.xml:13:9-40
77        android:label="@string/app_name"
77-->src\main\AndroidManifest.xml:14:9-41
78        android:networkSecurityConfig="@xml/network_security_config"
78-->[:ivysdk-ad] AndroidManifest.xml:18:9-69
79        android:supportsRtl="true"
79-->[com.facebook.android:facebook-login:14.1.1] AndroidManifest.xml:28:18-44
80        android:testOnly="true"
81        android:usesCleartextTraffic="true" >
81-->[:ivysdk-ad] AndroidManifest.xml:19:9-44
82
83        <!-- <activity android:name="com.unity3d.player.UnityPlayerActivity" android:theme="@style/UnityThemeSelector" android:screenOrientation="fullUser" android:launchMode="singleTask" android:configChanges="mcc|mnc|locale|touchscreen|keyboard|keyboardHidden|navigation|orientation|screenLayout|uiMode|screenSize|smallestScreenSize|fontScale|layoutDirection|density" android:resizeableActivity="false" android:hardwareAccelerated="false" android:exported="true"> -->
84        <!-- <intent-filter> -->
85        <!-- <action android:name="android.intent.action.MAIN" /> -->
86        <!-- <category android:name="android.intent.category.LAUNCHER" /> -->
87        <!-- </intent-filter> -->
88        <!-- <meta-data android:name="unityplayer.UnityActivity" android:value="true" /> -->
89        <!-- <meta-data android:name="android.notch_support" android:value="true" /> -->
90        <!-- </activity> -->
91        <!-- <activity android:name="com.android.client.UnityPlayerActivity" android:theme="@style/UnityThemeSelector" android:screenOrientation="userLandscape" android:launchMode="singleTask" android:configChanges="mcc|mnc|locale|touchscreen|keyboard|keyboardHidden|navigation|orientation|screenLayout|uiMode|screenSize|smallestScreenSize|fontScale|layoutDirection|density" android:resizeableActivity="false" android:hardwareAccelerated="false" android:exported="true"> -->
92        <!-- <intent-filter> -->
93        <!-- <action android:name="android.intent.action.MAIN" /> -->
94        <!-- <category android:name="android.intent.category.LAUNCHER" /> -->
95        <!-- </intent-filter> -->
96        <!-- <meta-data android:name="unityplayer.UnityActivity" android:value="true" /> -->
97        <!-- <meta-data android:name="android.notch_support" android:value="true" /> -->
98        <!-- </activity> -->
99        <meta-data
99-->[:unityLibrary] AndroidManifest.xml:39:9-41:33
100            android:name="unity.splash-mode"
100-->[:unityLibrary] AndroidManifest.xml:40:13-45
101            android:value="0" />
101-->[:unityLibrary] AndroidManifest.xml:41:13-30
102        <meta-data
102-->[:unityLibrary] AndroidManifest.xml:42:9-44:36
103            android:name="unity.splash-enable"
103-->[:unityLibrary] AndroidManifest.xml:43:13-47
104            android:value="True" />
104-->[:unityLibrary] AndroidManifest.xml:44:13-33
105        <meta-data
105-->[:unityLibrary] AndroidManifest.xml:45:9-47:36
106            android:name="unity.launch-fullscreen"
106-->[:unityLibrary] AndroidManifest.xml:46:13-51
107            android:value="True" />
107-->[:unityLibrary] AndroidManifest.xml:47:13-33
108        <meta-data
108-->[:unityLibrary] AndroidManifest.xml:48:9-50:37
109            android:name="unity.allow-resizable-window"
109-->[:unityLibrary] AndroidManifest.xml:49:13-56
110            android:value="False" />
110-->[:unityLibrary] AndroidManifest.xml:50:13-34
111        <meta-data
111-->[:unityLibrary] AndroidManifest.xml:51:9-53:50
112            android:name="notch.config"
112-->[:unityLibrary] AndroidManifest.xml:52:13-40
113            android:value="portrait|landscape" />
113-->[:unityLibrary] AndroidManifest.xml:53:13-47
114        <meta-data
114-->[:unityLibrary] AndroidManifest.xml:54:9-56:36
115            android:name="unity.auto-report-fully-drawn"
115-->[:unityLibrary] AndroidManifest.xml:55:13-57
116            android:value="true" />
116-->[:unityLibrary] AndroidManifest.xml:56:13-33
117        <meta-data
117-->[:ivysdk-ad] AndroidManifest.xml:21:9-23:69
118            android:name="com.google.android.gms.version"
118-->[:ivysdk-ad] AndroidManifest.xml:22:13-58
119            android:value="@integer/google_play_services_version" />
119-->[:ivysdk-ad] AndroidManifest.xml:23:13-66
120        <meta-data
120-->[:ivysdk-ad] AndroidManifest.xml:24:9-26:62
121            android:name="com.google.android.gms.ads.APPLICATION_ID"
121-->[:ivysdk-ad] AndroidManifest.xml:25:13-69
122            android:value="ca-app-pub-1914768831611213~5856809174" />
122-->[:ivysdk-ad] AndroidManifest.xml:26:13-59
123        <meta-data
123-->[:ivysdk-ad] AndroidManifest.xml:27:9-29:44
124            android:name="ivy.debug"
124-->[:ivysdk-ad] AndroidManifest.xml:28:13-37
125            android:value="true" />
125-->[:ivysdk-ad] AndroidManifest.xml:29:13-41
126        <meta-data
126-->[:ivysdk-ad] AndroidManifest.xml:30:9-32:36
127            android:name="com.google.android.gms.ads.AD_MANAGER_APP"
127-->[:ivysdk-ad] AndroidManifest.xml:31:13-69
128            android:value="true" />
128-->[:ivysdk-ad] AndroidManifest.xml:32:13-33
129        <meta-data
129-->[:ivysdk-ad] AndroidManifest.xml:33:9-35:36
130            android:name="com.google.android.gms.ads.flag.OPTIMIZE_INITIALIZATION"
130-->[:ivysdk-ad] AndroidManifest.xml:34:13-83
131            android:value="true" />
131-->[:ivysdk-ad] AndroidManifest.xml:35:13-33
132        <meta-data
132-->[:ivysdk-ad] AndroidManifest.xml:36:9-38:36
133            android:name="com.google.android.gms.ads.flag.OPTIMIZE_AD_LOADING"
133-->[:ivysdk-ad] AndroidManifest.xml:37:13-79
134            android:value="true" /> <!-- Include the AdActivity and InAppPurchaseActivity configChanges and themes. -->
134-->[:ivysdk-ad] AndroidManifest.xml:38:13-33
135        <activity
135-->[com.google.android.gms:play-services-ads-lite:22.0.0] AndroidManifest.xml:53:9-58:43
136            android:name="com.google.android.gms.ads.AdActivity"
136-->[com.google.android.gms:play-services-ads-lite:22.0.0] AndroidManifest.xml:54:13-65
137            android:configChanges="keyboard|keyboardHidden|orientation|screenLayout|uiMode|screenSize|smallestScreenSize"
137-->[com.google.android.gms:play-services-ads-lite:22.0.0] AndroidManifest.xml:55:13-122
138            android:exported="false"
138-->[com.google.android.gms:play-services-ads-lite:22.0.0] AndroidManifest.xml:56:13-37
139            android:theme="@android:style/Theme.Translucent" />
139-->[com.google.android.gms:play-services-ads-lite:22.0.0] AndroidManifest.xml:57:13-61
140
141        <provider
141-->[com.google.android.gms:play-services-ads-lite:22.0.0] AndroidManifest.xml:60:9-65:43
142            android:name="com.google.android.gms.ads.MobileAdsInitProvider"
142-->[com.google.android.gms:play-services-ads-lite:22.0.0] AndroidManifest.xml:61:13-76
143            android:authorities="com.solou.catendless.run.mobileadsinitprovider"
143-->[com.google.android.gms:play-services-ads-lite:22.0.0] AndroidManifest.xml:62:13-73
144            android:exported="false"
144-->[com.google.android.gms:play-services-ads-lite:22.0.0] AndroidManifest.xml:63:13-37
145            android:initOrder="100" />
145-->[com.google.android.gms:play-services-ads-lite:22.0.0] AndroidManifest.xml:64:13-36
146
147        <service
147-->[com.google.android.gms:play-services-ads-lite:22.0.0] AndroidManifest.xml:67:9-71:43
148            android:name="com.google.android.gms.ads.AdService"
148-->[com.google.android.gms:play-services-ads-lite:22.0.0] AndroidManifest.xml:68:13-64
149            android:enabled="true"
149-->[com.google.android.gms:play-services-ads-lite:22.0.0] AndroidManifest.xml:69:13-35
150            android:exported="false" />
150-->[com.google.android.gms:play-services-ads-lite:22.0.0] AndroidManifest.xml:70:13-37
151
152        <activity
152-->[com.google.android.gms:play-services-ads-lite:22.0.0] AndroidManifest.xml:73:9-77:43
153            android:name="com.google.android.gms.ads.OutOfContextTestingActivity"
153-->[com.google.android.gms:play-services-ads-lite:22.0.0] AndroidManifest.xml:74:13-82
154            android:configChanges="keyboard|keyboardHidden|orientation|screenLayout|uiMode|screenSize|smallestScreenSize"
154-->[com.google.android.gms:play-services-ads-lite:22.0.0] AndroidManifest.xml:75:13-122
155            android:exported="false" />
155-->[com.google.android.gms:play-services-ads-lite:22.0.0] AndroidManifest.xml:76:13-37
156        <activity
156-->[com.unity3d.ads:unity-ads:4.6.1] AndroidManifest.xml:15:9-20:74
157            android:name="com.unity3d.services.ads.adunit.AdUnitActivity"
157-->[com.unity3d.ads:unity-ads:4.6.1] AndroidManifest.xml:16:13-74
158            android:configChanges="fontScale|keyboard|keyboardHidden|locale|mnc|mcc|navigation|orientation|screenLayout|screenSize|smallestScreenSize|uiMode|touchscreen"
158-->[com.unity3d.ads:unity-ads:4.6.1] AndroidManifest.xml:17:13-170
159            android:exported="false"
159-->[com.unity3d.ads:unity-ads:4.6.1] AndroidManifest.xml:18:13-37
160            android:hardwareAccelerated="true"
160-->[com.unity3d.ads:unity-ads:4.6.1] AndroidManifest.xml:19:13-47
161            android:theme="@android:style/Theme.NoTitleBar.Fullscreen" />
161-->[com.unity3d.ads:unity-ads:4.6.1] AndroidManifest.xml:20:13-71
162        <activity
162-->[com.unity3d.ads:unity-ads:4.6.1] AndroidManifest.xml:21:9-26:86
163            android:name="com.unity3d.services.ads.adunit.AdUnitTransparentActivity"
163-->[com.unity3d.ads:unity-ads:4.6.1] AndroidManifest.xml:22:13-85
164            android:configChanges="fontScale|keyboard|keyboardHidden|locale|mnc|mcc|navigation|orientation|screenLayout|screenSize|smallestScreenSize|uiMode|touchscreen"
164-->[com.unity3d.ads:unity-ads:4.6.1] AndroidManifest.xml:23:13-170
165            android:exported="false"
165-->[com.unity3d.ads:unity-ads:4.6.1] AndroidManifest.xml:24:13-37
166            android:hardwareAccelerated="true"
166-->[com.unity3d.ads:unity-ads:4.6.1] AndroidManifest.xml:25:13-47
167            android:theme="@android:style/Theme.Translucent.NoTitleBar.Fullscreen" />
167-->[com.unity3d.ads:unity-ads:4.6.1] AndroidManifest.xml:26:13-83
168        <activity
168-->[com.unity3d.ads:unity-ads:4.6.1] AndroidManifest.xml:27:9-32:86
169            android:name="com.unity3d.services.ads.adunit.AdUnitTransparentSoftwareActivity"
169-->[com.unity3d.ads:unity-ads:4.6.1] AndroidManifest.xml:28:13-93
170            android:configChanges="fontScale|keyboard|keyboardHidden|locale|mnc|mcc|navigation|orientation|screenLayout|screenSize|smallestScreenSize|uiMode|touchscreen"
170-->[com.unity3d.ads:unity-ads:4.6.1] AndroidManifest.xml:29:13-170
171            android:exported="false"
171-->[com.unity3d.ads:unity-ads:4.6.1] AndroidManifest.xml:30:13-37
172            android:hardwareAccelerated="false"
172-->[com.unity3d.ads:unity-ads:4.6.1] AndroidManifest.xml:31:13-48
173            android:theme="@android:style/Theme.Translucent.NoTitleBar.Fullscreen" />
173-->[com.unity3d.ads:unity-ads:4.6.1] AndroidManifest.xml:32:13-83
174        <activity
174-->[com.unity3d.ads:unity-ads:4.6.1] AndroidManifest.xml:33:9-38:74
175            android:name="com.unity3d.services.ads.adunit.AdUnitSoftwareActivity"
175-->[com.unity3d.ads:unity-ads:4.6.1] AndroidManifest.xml:34:13-82
176            android:configChanges="fontScale|keyboard|keyboardHidden|locale|mnc|mcc|navigation|orientation|screenLayout|screenSize|smallestScreenSize|uiMode|touchscreen"
176-->[com.unity3d.ads:unity-ads:4.6.1] AndroidManifest.xml:35:13-170
177            android:exported="false"
177-->[com.unity3d.ads:unity-ads:4.6.1] AndroidManifest.xml:36:13-37
178            android:hardwareAccelerated="false"
178-->[com.unity3d.ads:unity-ads:4.6.1] AndroidManifest.xml:37:13-48
179            android:theme="@android:style/Theme.NoTitleBar.Fullscreen" />
179-->[com.unity3d.ads:unity-ads:4.6.1] AndroidManifest.xml:38:13-71
180
181        <provider
181-->[com.unity3d.ads:unity-ads:4.6.1] AndroidManifest.xml:40:9-50:20
182            android:name="androidx.startup.InitializationProvider"
182-->[com.unity3d.ads:unity-ads:4.6.1] AndroidManifest.xml:41:13-67
183            android:authorities="com.solou.catendless.run.androidx-startup"
183-->[com.unity3d.ads:unity-ads:4.6.1] AndroidManifest.xml:42:13-68
184            android:exported="false" >
184-->[androidx.lifecycle:lifecycle-process:2.5.1] AndroidManifest.xml:29:13-37
185            <meta-data
185-->[com.unity3d.ads:unity-ads:4.6.1] AndroidManifest.xml:44:13-46:52
186                android:name="androidx.lifecycle.ProcessLifecycleInitializer"
186-->[com.unity3d.ads:unity-ads:4.6.1] AndroidManifest.xml:45:17-78
187                android:value="androidx.startup" />
187-->[com.unity3d.ads:unity-ads:4.6.1] AndroidManifest.xml:46:17-49
188            <meta-data
188-->[com.unity3d.ads:unity-ads:4.6.1] AndroidManifest.xml:47:13-49:52
189                android:name="com.unity3d.services.core.configuration.AdsSdkInitializer"
189-->[com.unity3d.ads:unity-ads:4.6.1] AndroidManifest.xml:48:17-89
190                android:value="androidx.startup" />
190-->[com.unity3d.ads:unity-ads:4.6.1] AndroidManifest.xml:49:17-49
191            <meta-data
191-->[com.unity3d.services.identifiers:unity-services-identifiers:1.0.0] AndroidManifest.xml:16:13-18:52
192                android:name="com.unity3d.services.identifiers.UnitySharedLibraryInitializer"
192-->[com.unity3d.services.identifiers:unity-services-identifiers:1.0.0] AndroidManifest.xml:17:17-94
193                android:value="androidx.startup" />
193-->[com.unity3d.services.identifiers:unity-services-identifiers:1.0.0] AndroidManifest.xml:18:17-49
194            <meta-data
194-->[androidx.work:work-runtime:2.7.0] AndroidManifest.xml:36:13-38:52
195                android:name="androidx.work.WorkManagerInitializer"
195-->[androidx.work:work-runtime:2.7.0] AndroidManifest.xml:37:17-68
196                android:value="androidx.startup" />
196-->[androidx.work:work-runtime:2.7.0] AndroidManifest.xml:38:17-49
197        </provider>
198
199        <activity
199-->[com.yandex.android:mobileads:5.8.0] AndroidManifest.xml:25:9-28:75
200            android:name="com.yandex.mobile.ads.common.AdActivity"
200-->[com.yandex.android:mobileads:5.8.0] AndroidManifest.xml:26:13-67
201            android:configChanges="keyboard|keyboardHidden|orientation|screenLayout|uiMode|screenSize|smallestScreenSize"
201-->[com.yandex.android:mobileads:5.8.0] AndroidManifest.xml:27:13-122
202            android:theme="@android:style/Theme.Translucent.NoTitleBar" />
202-->[com.yandex.android:mobileads:5.8.0] AndroidManifest.xml:28:13-72
203
204        <provider
204-->[com.yandex.android:mobileads:5.8.0] AndroidManifest.xml:30:9-33:40
205            android:name="com.yandex.mobile.ads.core.initializer.MobileAdsInitializeProvider"
205-->[com.yandex.android:mobileads:5.8.0] AndroidManifest.xml:31:13-94
206            android:authorities="com.solou.catendless.run.MobileAdsInitializeProvider"
206-->[com.yandex.android:mobileads:5.8.0] AndroidManifest.xml:32:13-79
207            android:exported="false" />
207-->[com.yandex.android:mobileads:5.8.0] AndroidManifest.xml:33:13-37
208        <provider
208-->[com.applovin:applovin-sdk:11.9.0] AndroidManifest.xml:26:9-30:39
209            android:name="com.applovin.sdk.AppLovinInitProvider"
209-->[com.applovin:applovin-sdk:11.9.0] AndroidManifest.xml:27:13-65
210            android:authorities="com.solou.catendless.run.applovininitprovider"
210-->[com.applovin:applovin-sdk:11.9.0] AndroidManifest.xml:28:13-72
211            android:exported="false"
211-->[com.applovin:applovin-sdk:11.9.0] AndroidManifest.xml:29:13-37
212            android:initOrder="101" /> <!-- Init order is 101 so we're before Firebase/Google which uses 100 -->
212-->[com.applovin:applovin-sdk:11.9.0] AndroidManifest.xml:30:13-36
213        <activity
213-->[com.applovin:applovin-sdk:11.9.0] AndroidManifest.xml:32:9-38:50
214            android:name="com.applovin.adview.AppLovinFullscreenActivity"
214-->[com.applovin:applovin-sdk:11.9.0] AndroidManifest.xml:33:13-74
215            android:configChanges="fontScale|keyboard|keyboardHidden|locale|orientation|screenLayout|screenSize|smallestScreenSize|uiMode"
215-->[com.applovin:applovin-sdk:11.9.0] AndroidManifest.xml:34:13-139
216            android:exported="false"
216-->[com.applovin:applovin-sdk:11.9.0] AndroidManifest.xml:35:13-37
217            android:hardwareAccelerated="true"
217-->[com.applovin:applovin-sdk:11.9.0] AndroidManifest.xml:36:13-47
218            android:launchMode="singleTop"
218-->[com.applovin:applovin-sdk:11.9.0] AndroidManifest.xml:37:13-43
219            android:screenOrientation="behind" />
219-->[com.applovin:applovin-sdk:11.9.0] AndroidManifest.xml:38:13-47
220        <activity
220-->[com.applovin:applovin-sdk:11.9.0] AndroidManifest.xml:39:9-41:142
221            android:name="com.applovin.sdk.AppLovinWebViewActivity"
221-->[com.applovin:applovin-sdk:11.9.0] AndroidManifest.xml:40:13-68
222            android:configChanges="fontScale|keyboard|keyboardHidden|locale|orientation|screenLayout|screenSize|smallestScreenSize|uiMode" /> <!-- Hybrid Ad Activities -->
222-->[com.applovin:applovin-sdk:11.9.0] AndroidManifest.xml:41:13-139
223        <activity
223-->[com.applovin:applovin-sdk:11.9.0] AndroidManifest.xml:44:9-46:142
224            android:name="com.applovin.mediation.hybridAds.MaxHybridMRecAdActivity"
224-->[com.applovin:applovin-sdk:11.9.0] AndroidManifest.xml:45:13-84
225            android:configChanges="fontScale|keyboard|keyboardHidden|locale|orientation|screenLayout|screenSize|smallestScreenSize|uiMode" />
225-->[com.applovin:applovin-sdk:11.9.0] AndroidManifest.xml:46:13-139
226        <activity
226-->[com.applovin:applovin-sdk:11.9.0] AndroidManifest.xml:47:9-49:142
227            android:name="com.applovin.mediation.hybridAds.MaxHybridNativeAdActivity"
227-->[com.applovin:applovin-sdk:11.9.0] AndroidManifest.xml:48:13-86
228            android:configChanges="fontScale|keyboard|keyboardHidden|locale|orientation|screenLayout|screenSize|smallestScreenSize|uiMode" /> <!-- Mediation Debugger Activities -->
228-->[com.applovin:applovin-sdk:11.9.0] AndroidManifest.xml:49:13-139
229        <activity
229-->[com.applovin:applovin-sdk:11.9.0] AndroidManifest.xml:52:9-55:87
230            android:name="com.applovin.mediation.MaxDebuggerActivity"
230-->[com.applovin:applovin-sdk:11.9.0] AndroidManifest.xml:53:13-70
231            android:configChanges="fontScale|keyboard|keyboardHidden|locale|orientation|screenLayout|screenSize|smallestScreenSize|uiMode"
231-->[com.applovin:applovin-sdk:11.9.0] AndroidManifest.xml:54:13-139
232            android:theme="@style/com.applovin.mediation.MaxDebuggerActivity.Theme" />
232-->[com.applovin:applovin-sdk:11.9.0] AndroidManifest.xml:55:13-84
233        <activity
233-->[com.applovin:applovin-sdk:11.9.0] AndroidManifest.xml:56:9-59:87
234            android:name="com.applovin.mediation.MaxDebuggerDetailActivity"
234-->[com.applovin:applovin-sdk:11.9.0] AndroidManifest.xml:57:13-76
235            android:configChanges="fontScale|keyboard|keyboardHidden|locale|orientation|screenLayout|screenSize|smallestScreenSize|uiMode"
235-->[com.applovin:applovin-sdk:11.9.0] AndroidManifest.xml:58:13-139
236            android:theme="@style/com.applovin.mediation.MaxDebuggerActivity.Theme" />
236-->[com.applovin:applovin-sdk:11.9.0] AndroidManifest.xml:59:13-84
237        <activity
237-->[com.applovin:applovin-sdk:11.9.0] AndroidManifest.xml:60:9-63:87
238            android:name="com.applovin.mediation.MaxDebuggerMultiAdActivity"
238-->[com.applovin:applovin-sdk:11.9.0] AndroidManifest.xml:61:13-77
239            android:configChanges="fontScale|keyboard|keyboardHidden|locale|orientation|screenLayout|screenSize|smallestScreenSize|uiMode"
239-->[com.applovin:applovin-sdk:11.9.0] AndroidManifest.xml:62:13-139
240            android:theme="@style/com.applovin.mediation.MaxDebuggerActivity.Theme" />
240-->[com.applovin:applovin-sdk:11.9.0] AndroidManifest.xml:63:13-84
241        <activity
241-->[com.applovin:applovin-sdk:11.9.0] AndroidManifest.xml:64:9-67:87
242            android:name="com.applovin.mediation.MaxDebuggerAdUnitsListActivity"
242-->[com.applovin:applovin-sdk:11.9.0] AndroidManifest.xml:65:13-81
243            android:configChanges="fontScale|keyboard|keyboardHidden|locale|orientation|screenLayout|screenSize|smallestScreenSize|uiMode"
243-->[com.applovin:applovin-sdk:11.9.0] AndroidManifest.xml:66:13-139
244            android:theme="@style/com.applovin.mediation.MaxDebuggerActivity.Theme" />
244-->[com.applovin:applovin-sdk:11.9.0] AndroidManifest.xml:67:13-84
245        <activity
245-->[com.applovin:applovin-sdk:11.9.0] AndroidManifest.xml:68:9-71:87
246            android:name="com.applovin.mediation.MaxDebuggerAdUnitDetailActivity"
246-->[com.applovin:applovin-sdk:11.9.0] AndroidManifest.xml:69:13-82
247            android:configChanges="fontScale|keyboard|keyboardHidden|locale|orientation|screenLayout|screenSize|smallestScreenSize|uiMode"
247-->[com.applovin:applovin-sdk:11.9.0] AndroidManifest.xml:70:13-139
248            android:theme="@style/com.applovin.mediation.MaxDebuggerActivity.Theme" />
248-->[com.applovin:applovin-sdk:11.9.0] AndroidManifest.xml:71:13-84
249        <activity
249-->[com.applovin:applovin-sdk:11.9.0] AndroidManifest.xml:72:9-75:87
250            android:name="com.applovin.mediation.MaxDebuggerTestLiveNetworkActivity"
250-->[com.applovin:applovin-sdk:11.9.0] AndroidManifest.xml:73:13-85
251            android:configChanges="fontScale|keyboard|keyboardHidden|locale|orientation|screenLayout|screenSize|smallestScreenSize|uiMode"
251-->[com.applovin:applovin-sdk:11.9.0] AndroidManifest.xml:74:13-139
252            android:theme="@style/com.applovin.mediation.MaxDebuggerActivity.Theme" />
252-->[com.applovin:applovin-sdk:11.9.0] AndroidManifest.xml:75:13-84
253        <activity
253-->[com.applovin:applovin-sdk:11.9.0] AndroidManifest.xml:76:9-79:87
254            android:name="com.applovin.mediation.MaxDebuggerTestModeNetworkActivity"
254-->[com.applovin:applovin-sdk:11.9.0] AndroidManifest.xml:77:13-85
255            android:configChanges="fontScale|keyboard|keyboardHidden|locale|orientation|screenLayout|screenSize|smallestScreenSize|uiMode"
255-->[com.applovin:applovin-sdk:11.9.0] AndroidManifest.xml:78:13-139
256            android:theme="@style/com.applovin.mediation.MaxDebuggerActivity.Theme" />
256-->[com.applovin:applovin-sdk:11.9.0] AndroidManifest.xml:79:13-84
257        <activity
257-->[com.applovin:applovin-sdk:11.9.0] AndroidManifest.xml:80:9-83:91